#
# A fatal error has been detected by the Java Runtime Environment:
#
#  EXCEPTION_ACCESS_VIOLATION (0xc0000005) at pc=0x000000007383e008, pid=5696, tid=0x0000000000001104
#
# JRE version: OpenJDK Runtime Environment (8.0_76-b03) (build 1.8.0_76-release-b03)
# Java VM: OpenJDK 64-Bit Server VM (25.76-b03 mixed mode windows-amd64 compressed oops)
# Problematic frame:
# V  [jvm.dll+0xee008]
#
# Failed to write core dump. Minidumps are not enabled by default on client versions of Windows
#
# If you would like to submit a bug report, please visit:
#   http://bugreport.java.com/bugreport/crash.jsp
#

---------------  T H R E A D  ---------------

Current thread (0x0000000002647000):  GCTaskThread [stack: 0x0000000012670000,0x0000000012770000] [id=4356]

siginfo: ExceptionCode=0xc0000005, reading address 0xffffffffffffffff

Registers:
RAX=0x0000000012b20000, RBX=0x0000000000000200, RCX=0x0000000000000000, RDX=0x0000000000000000
RSP=0x000000001276f8a0, RBP=0x00000000ea78e384, RSI=0x0000000000000007, RDI=0x000000005675f490
R8 =0x007fffffffb00001, R9 =0x0000000000000007, R10=0x000000000000000c, R11=0x0000000000000b83
R12=0x00000000ea78e390, R13=0x0000000015feeae8, R14=0x0000000015feeaf0, R15=0x00000000ea78e358
RIP=0x000000007383e008, EFLAGS=0x0000000000010246

Top of Stack: (sp=0x000000001276f8a0)
0x000000001276f8a0:   00000000ea78e390 00000000ea78e36c
0x000000001276f8b0:   0000000000000007 000000005675f490
0x000000001276f8c0:   0000000000000000 00000000000003d8
0x000000001276f8d0:   0000000002647da8 0000000002643230
0x000000001276f8e0:   0000000000000b82 0000000073b0eb00
0x000000001276f8f0:   00000000570a5c58 00000000566954a0
0x000000001276f900:   000000005675f490 00000000026479d0
0x000000001276f910:   0000000000000000 0000000000000c00
0x000000001276f920:   0000000000000000 0000000000000000
0x000000001276f930:   0000000000000000 000000005ccc8000
0x000000001276f940:   0000000000000001 0000000000000001
0x000000001276f950:   0000fe855bc58843 0000000002647da8
0x000000001276f960:   00000000026479d0 00000000000003d8
0x000000001276f970:   00000000026479d0 0000000002643230
0x000000001276f980:   00000000026479c0 00000000566954a0
0x000000001276f990:   000000005675f490 0000000073b0bb23 

Instructions: (pc=0x000000007383e008)
0x000000007383dfe8:   05 13 bd 6c 00 49 c1 e8 03 49 d3 e8 41 0f b6 c0
0x000000007383dff8:   49 c1 e8 06 24 3f 0f b6 d0 48 8b 05 28 bd 6c 00
0x000000007383e008:   4a 8b 0c c0 48 0f a3 d1 0f 82 59 01 00 00 0f b6
0x000000007383e018:   15 84 1c 6c 00 84 d2 74 16 44 8b 43 08 8b 0d 25 


Register to memory mapping:

RAX=0x0000000012b20000 is an unknown value
RBX=0x0000000000000200 is an unknown value
RCX=0x0000000000000000 is an unknown value
RDX=0x0000000000000000 is an unknown value
RSP=0x000000001276f8a0 is an unknown value
RBP=0x00000000ea78e384 is an unknown value
RSI=0x0000000000000007 is an unknown value
RDI=0x000000005675f490 is an unknown value
R8 =0x007fffffffb00001 is an unknown value
R9 =0x0000000000000007 is an unknown value
R10=0x000000000000000c is an unknown value
R11=0x0000000000000b83 is an unknown value
R12=0x00000000ea78e390 is an oop
org.codehaus.groovy.runtime.metaclass.MetaMethodIndex$Entry 
 - klass: 'org/codehaus/groovy/runtime/metaclass/MetaMethodIndex$Entry'
R13=0x0000000015feeae8 is pointing into metadata
R14=0x0000000015feeaf0 is pointing into metadata
R15=0x00000000ea78e358 is an oop
org.codehaus.groovy.runtime.metaclass.MetaMethodIndex$Entry 
 - klass: 'org/codehaus/groovy/runtime/metaclass/MetaMethodIndex$Entry'


Stack: [0x0000000012670000,0x0000000012770000],  sp=0x000000001276f8a0,  free space=1022k
Native frames: (J=compiled Java code, j=interpreted, Vv=VM code, C=native code)
V  [jvm.dll+0xee008]
V  [jvm.dll+0x3beb00]
V  [jvm.dll+0x3bbb23]
V  [jvm.dll+0x3b997e]
V  [jvm.dll+0x26b60a]
C  [msvcr100.dll+0x21d9f]
C  [msvcr100.dll+0x21e3b]
C  [kernel32.dll+0x1652d]
C  [ntdll.dll+0x2c521]


---------------  P R O C E S S  ---------------

Java Threads: ( => current thread )
  0x000000005ccc8000 JavaThread "pool-7-thread-4" [_thread_blocked, id=3524, stack(0x0000000063040000,0x0000000063140000)]
  0x000000005ccc7000 JavaThread "pool-7-thread-3" [_thread_blocked, id=1300, stack(0x0000000062ec0000,0x0000000062fc0000)]
  0x000000005ccc6800 JavaThread "pool-7-thread-2" [_thread_blocked, id=4364, stack(0x0000000061220000,0x0000000061320000)]
  0x000000005ccc5800 JavaThread "pool-8-thread-1" [_thread_blocked, id=5408, stack(0x0000000062dc0000,0x0000000062ec0000)]
  0x000000005ccc3800 JavaThread "pool-7-thread-1" [_thread_blocked, id=2264, stack(0x0000000061a60000,0x0000000061b60000)]
  0x000000005ccc4000 JavaThread "pool-6-thread-1" [_thread_blocked, id=2288, stack(0x0000000061950000,0x0000000061a50000)]
  0x000000005ccc5000 JavaThread "pool-4-thread-5" [_thread_blocked, id=4964, stack(0x000000005b550000,0x000000005b650000)]
  0x000000005ccc1000 JavaThread "pool-4-thread-4" [_thread_blocked, id=1924, stack(0x0000000060ff0000,0x00000000610f0000)]
  0x000000005ccc0800 JavaThread "pool-4-thread-3" [_thread_blocked, id=1108, stack(0x0000000060e20000,0x0000000060f20000)]
  0x000000005ccbf800 JavaThread "pool-4-thread-2" [_thread_blocked, id=5888, stack(0x0000000061320000,0x0000000061420000)]
  0x000000005ccbf000 JavaThread "pool-4-thread-1" [_thread_blocked, id=4680, stack(0x0000000061120000,0x0000000061220000)]
  0x000000005ccbc800 JavaThread "File lock request listener" [_thread_in_native, id=4156, stack(0x000000005b2c0000,0x000000005b3c0000)]
  0x0000000059d1a800 JavaThread "Stdin handler" [_thread_blocked, id=5024, stack(0x000000005b870000,0x000000005b970000)]
  0x0000000059d19800 JavaThread "Asynchronous log dispatcher for org.gradle.launcher.daemon.server.DefaultDaemonConnection@723a2f4e" [_thread_blocked, id=5168, stack(0x000000005b670000,0x000000005b770000)]
  0x0000000059d2b800 JavaThread "Daemon worker" [_thread_blocked, id=5404, stack(0x000000005b400000,0x000000005b500000)]
  0x0000000059d1e800 JavaThread "Cancel handler" [_thread_blocked, id=2944, stack(0x000000005b060000,0x000000005b160000)]
  0x0000000059dbc800 JavaThread "Handler for socket connection from /127.0.0.1:60518 to /127.0.0.1:60519" [_thread_in_native, id=6064, stack(0x000000005b1c0000,0x000000005b2c0000)]
  0x0000000059db5800 JavaThread "Daemon" [_thread_blocked, id=5808, stack(0x000000005af20000,0x000000005b020000)]
  0x0000000059c57000 JavaThread "pool-1-thread-1" [_thread_blocked, id=5312, stack(0x000000005aa10000,0x000000005ab10000)]
  0x0000000059c87800 JavaThread "Incoming local TCP Connector on port 60518" [_thread_in_native, id=5596, stack(0x000000005ab60000,0x000000005ac60000)]
  0x00000000582d0000 JavaThread "Service Thread" daemon [_thread_blocked, id=1732, stack(0x0000000058e50000,0x0000000058f50000)]
  0x0000000058242000 JavaThread "C1 CompilerThread2" daemon [_thread_blocked, id=4932, stack(0x0000000058d20000,0x0000000058e20000)]
  0x000000005823f800 JavaThread "C2 CompilerThread1" daemon [_thread_blocked, id=5180, stack(0x0000000058b40000,0x0000000058c40000)]
  0x000000005822a800 JavaThread "C2 CompilerThread0" daemon [_thread_blocked, id=5492, stack(0x0000000057de0000,0x0000000057ee0000)]
  0x0000000058229000 JavaThread "Attach Listener" daemon [_thread_blocked, id=3892, stack(0x00000000588f0000,0x00000000589f0000)]
  0x000000005821f000 JavaThread "Signal Dispatcher" daemon [_thread_blocked, id=5576, stack(0x0000000058750000,0x0000000058850000)]
  0x0000000058200800 JavaThread "Finalizer" daemon [_thread_blocked, id=4560, stack(0x00000000585f0000,0x00000000586f0000)]
  0x000000005680a800 JavaThread "Reference Handler" daemon [_thread_blocked, id=6116, stack(0x00000000580c0000,0x00000000581c0000)]
  0x0000000001e5e000 JavaThread "main" [_thread_blocked, id=3888, stack(0x0000000002980000,0x0000000002a80000)]

Other Threads:
  0x0000000056803000 VMThread [stack: 0x0000000057f30000,0x0000000058030000] [id=3032]
  0x000000005828c800 WatcherThread [stack: 0x00000000589f0000,0x0000000058af0000] [id=5572]

=>0x0000000002647000 (exited) GCTaskThread [stack: 0x0000000012670000,0x0000000012770000] [id=4356]

VM state:at safepoint (normal execution)

VM Mutex/Monitor currently owned by a thread:  ([mutex/lock_event])
[0x0000000001e5c0b0] Threads_lock - owner thread: 0x0000000056803000
[0x0000000001e5c5b0] Heap_lock - owner thread: 0x000000005ccc4000
[0x0000000001e5cb30] MethodData_lock - owner thread: 0x000000005ccc4000

Heap:
 PSYoungGen      total 184832K, used 16866K [0x00000000e0000000, 0x00000000ef680000, 0x0000000100000000)
  eden space 167936K, 0% used [0x00000000e0000000,0x00000000e0000000,0x00000000ea400000)
  from space 16896K, 99% used [0x00000000ea400000,0x00000000eb4788d0,0x00000000eb480000)
  to   space 21504K, 0% used [0x00000000ee180000,0x00000000ee180000,0x00000000ef680000)
 ParOldGen       total 177664K, used 25717K [0x00000000a0000000, 0x00000000aad80000, 0x00000000e0000000)
  object space 177664K, 14% used [0x00000000a0000000,0x00000000a191d660,0x00000000aad80000)
 Metaspace       used 57664K, capacity 58968K, committed 59136K, reserved 1099776K
  class space    used 7575K, capacity 7904K, committed 7936K, reserved 1048576K

Card table byte_map: [0x0000000011e40000,0x0000000012150000] byte_map_base: 0x0000000011940000

Marking Bits: (ParMarkBitMap*) 0x0000000073f09d00
 Begin Bits: [0x0000000012b20000, 0x0000000014320000)
 End Bits:   [0x0000000014320000, 0x0000000015b20000)

Polling page: 0x0000000000330000

CodeCache: size=245760Kb used=23824Kb max_used=23824Kb free=221935Kb
 bounds [0x0000000002a80000, 0x00000000041f0000, 0x0000000011a80000]
 total_blobs=8263 nmethods=7530 adapters=646
 compilation: enabled

Compilation events (10 events):
Event: 11.699 Thread 0x0000000058242000 nmethod 8497 0x0000000002e5fa90 code [0x0000000002e5fc40, 0x0000000002e60398]
Event: 11.699 Thread 0x0000000058242000 8495       3       com.android.dx.cf.iface.StdAttributeList::get (9 bytes)
Event: 11.699 Thread 0x0000000058242000 nmethod 8495 0x000000000346fb90 code [0x000000000346fd00, 0x0000000003470008]
Event: 11.699 Thread 0x0000000058242000 8476       3       com.android.dx.cf.direct.AttributeListParser::getEndOffset (9 bytes)
Event: 11.700 Thread 0x0000000058242000 nmethod 8476 0x00000000038350d0 code [0x0000000003835240, 0x0000000003835488]
Event: 11.700 Thread 0x0000000058242000 8462       3       com.android.dx.rop.cst.CstNat::<init> (43 bytes)
Event: 11.700 Thread 0x0000000058242000 nmethod 8462 0x0000000003e6ce50 code [0x0000000003e6cfe0, 0x0000000003e6d3f8]
Event: 11.700 Thread 0x0000000058242000 8473       1       com.android.dx.cf.iface.StdMember::getAttributes (5 bytes)
Event: 11.700 Thread 0x0000000058242000 nmethod 8473 0x0000000003e7fcd0 code [0x0000000003e7fe20, 0x0000000003e7ff30]
Event: 11.700 Thread 0x0000000058242000 8464       3       com.android.dx.cf.direct.AttributeListParser::<init> (83 bytes)

GC Heap History (10 events):
Event: 5.688 GC heap after
Heap after GC invocations=7 (full 1):
 PSYoungGen      total 131584K, used 8930K [0x00000000e0000000, 0x00000000e9900000, 0x0000000100000000)
  eden space 117248K, 0% used [0x00000000e0000000,0x00000000e0000000,0x00000000e7280000)
  from space 14336K, 62% used [0x00000000e7f80000,0x00000000e8838978,0x00000000e8d80000)
  to   space 13312K, 0% used [0x00000000e7280000,0x00000000e7280000,0x00000000e7f80000)
 ParOldGen       total 122368K, used 12475K [0x00000000a0000000, 0x00000000a7780000, 0x00000000e0000000)
  object space 122368K, 10% used [0x00000000a0000000,0x00000000a0c2ef50,0x00000000a7780000)
 Metaspace       used 34680K, capacity 35192K, committed 35496K, reserved 1079296K
  class space    used 4631K, capacity 4785K, committed 4864K, reserved 1048576K
}
Event: 5.689 GC heap before
{Heap before GC invocations=8 (full 2):
 PSYoungGen      total 131584K, used 8930K [0x00000000e0000000, 0x00000000e9900000, 0x0000000100000000)
  eden space 117248K, 0% used [0x00000000e0000000,0x00000000e0000000,0x00000000e7280000)
  from space 14336K, 62% used [0x00000000e7f80000,0x00000000e8838978,0x00000000e8d80000)
  to   space 13312K, 0% used [0x00000000e7280000,0x00000000e7280000,0x00000000e7f80000)
 ParOldGen       total 122368K, used 12475K [0x00000000a0000000, 0x00000000a7780000, 0x00000000e0000000)
  object space 122368K, 10% used [0x00000000a0000000,0x00000000a0c2ef50,0x00000000a7780000)
 Metaspace       used 34680K, capacity 35192K, committed 35496K, reserved 1079296K
  class space    used 4631K, capacity 4785K, committed 4864K, reserved 1048576K
Event: 5.784 GC heap after
Heap after GC invocations=8 (full 2):
 PSYoungGen      total 131584K, used 0K [0x00000000e0000000, 0x00000000e9900000, 0x0000000100000000)
  eden space 117248K, 0% used [0x00000000e0000000,0x00000000e0000000,0x00000000e7280000)
  from space 14336K, 0% used [0x00000000e7f80000,0x00000000e7f80000,0x00000000e8d80000)
  to   space 13312K, 0% used [0x00000000e7280000,0x00000000e7280000,0x00000000e7f80000)
 ParOldGen       total 177664K, used 15761K [0x00000000a0000000, 0x00000000aad80000, 0x00000000e0000000)
  object space 177664K, 8% used [0x00000000a0000000,0x00000000a0f64778,0x00000000aad80000)
 Metaspace       used 34680K, capacity 35192K, committed 35496K, reserved 1079296K
  class space    used 4631K, capacity 4785K, committed 4864K, reserved 1048576K
}
Event: 7.100 GC heap before
{Heap before GC invocations=9 (full 2):
 PSYoungGen      total 131584K, used 117248K [0x00000000e0000000, 0x00000000e9900000, 0x0000000100000000)
  eden space 117248K, 100% used [0x00000000e0000000,0x00000000e7280000,0x00000000e7280000)
  from space 14336K, 0% used [0x00000000e7f80000,0x00000000e7f80000,0x00000000e8d80000)
  to   space 13312K, 0% used [0x00000000e7280000,0x00000000e7280000,0x00000000e7f80000)
 ParOldGen       total 177664K, used 15761K [0x00000000a0000000, 0x00000000aad80000, 0x00000000e0000000)
  object space 177664K, 8% used [0x00000000a0000000,0x00000000a0f64778,0x00000000aad80000)
 Metaspace       used 43064K, capacity 43846K, committed 44160K, reserved 1087488K
  class space    used 5733K, capacity 5935K, committed 6016K, reserved 1048576K
Event: 7.111 GC heap after
Heap after GC invocations=9 (full 2):
 PSYoungGen      total 130560K, used 10237K [0x00000000e0000000, 0x00000000ec200000, 0x0000000100000000)
  eden space 117248K, 0% used [0x00000000e0000000,0x00000000e0000000,0x00000000e7280000)
  from space 13312K, 76% used [0x00000000e7280000,0x00000000e7c7f6a0,0x00000000e7f80000)
  to   space 13824K, 0% used [0x00000000eb480000,0x00000000eb480000,0x00000000ec200000)
 ParOldGen       total 177664K, used 15833K [0x00000000a0000000, 0x00000000aad80000, 0x00000000e0000000)
  object space 177664K, 8% used [0x00000000a0000000,0x00000000a0f76788,0x00000000aad80000)
 Metaspace       used 43064K, capacity 43846K, committed 44160K, reserved 1087488K
  class space    used 5733K, capacity 5935K, committed 6016K, reserved 1048576K
}
Event: 8.432 GC heap before
{Heap before GC invocations=10 (full 2):
 PSYoungGen      total 130560K, used 127485K [0x00000000e0000000, 0x00000000ec200000, 0x0000000100000000)
  eden space 117248K, 100% used [0x00000000e0000000,0x00000000e7280000,0x00000000e7280000)
  from space 13312K, 76% used [0x00000000e7280000,0x00000000e7c7f6a0,0x00000000e7f80000)
  to   space 13824K, 0% used [0x00000000eb480000,0x00000000eb480000,0x00000000ec200000)
 ParOldGen       total 177664K, used 15833K [0x00000000a0000000, 0x00000000aad80000, 0x00000000e0000000)
  object space 177664K, 8% used [0x00000000a0000000,0x00000000a0f76788,0x00000000aad80000)
 Metaspace       used 48738K, capacity 49992K, committed 50048K, reserved 1093632K
  class space    used 6513K, capacity 6780K, committed 6784K, reserved 1048576K
Event: 8.467 GC heap after
Heap after GC invocations=10 (full 2):
 PSYoungGen      total 181760K, used 13824K [0x00000000e0000000, 0x00000000ec800000, 0x0000000100000000)
  eden space 167936K, 0% used [0x00000000e0000000,0x00000000e0000000,0x00000000ea400000)
  from space 13824K, 100% used [0x00000000eb480000,0x00000000ec200000,0x00000000ec200000)
  to   space 16896K, 0% used [0x00000000ea400000,0x00000000ea400000,0x00000000eb480000)
 ParOldGen       total 177664K, used 19662K [0x00000000a0000000, 0x00000000aad80000, 0x00000000e0000000)
  object space 177664K, 11% used [0x00000000a0000000,0x00000000a1333858,0x00000000aad80000)
 Metaspace       used 48738K, capacity 49992K, committed 50048K, reserved 1093632K
  class space    used 6513K, capacity 6780K, committed 6784K, reserved 1048576K
}
Event: 11.700 GC heap before
{Heap before GC invocations=11 (full 2):
 PSYoungGen      total 181760K, used 167920K [0x00000000e0000000, 0x00000000ec800000, 0x0000000100000000)
  eden space 167936K, 91% used [0x00000000e0000000,0x00000000e967c250,0x00000000ea400000)
  from space 13824K, 100% used [0x00000000eb480000,0x00000000ec200000,0x00000000ec200000)
  to   space 16896K, 0% used [0x00000000ea400000,0x00000000ea400000,0x00000000eb480000)
 ParOldGen       total 177664K, used 19662K [0x00000000a0000000, 0x00000000aad80000, 0x00000000e0000000)
  object space 177664K, 11% used [0x00000000a0000000,0x00000000a1333858,0x00000000aad80000)
 Metaspace       used 57664K, capacity 58968K, committed 59136K, reserved 1099776K
  class space    used 7575K, capacity 7904K, committed 7936K, reserved 1048576K
Event: 11.725 GC heap after
Heap after GC invocations=11 (full 2):
 PSYoungGen      total 184832K, used 16866K [0x00000000e0000000, 0x00000000ef680000, 0x0000000100000000)
  eden space 167936K, 0% used [0x00000000e0000000,0x00000000e0000000,0x00000000ea400000)
  from space 16896K, 99% used [0x00000000ea400000,0x00000000eb4788d0,0x00000000eb480000)
  to   space 21504K, 0% used [0x00000000ee180000,0x00000000ee180000,0x00000000ef680000)
 ParOldGen       total 177664K, used 25717K [0x00000000a0000000, 0x00000000aad80000, 0x00000000e0000000)
  object space 177664K, 14% used [0x00000000a0000000,0x00000000a191d660,0x00000000aad80000)
 Metaspace       used 57664K, capacity 58968K, committed 59136K, reserved 1099776K
  class space    used 7575K, capacity 7904K, committed 7936K, reserved 1048576K
}
Event: 11.725 GC heap before
{Heap before GC invocations=12 (full 3):
 PSYoungGen      total 184832K, used 16866K [0x00000000e0000000, 0x00000000ef680000, 0x0000000100000000)
  eden space 167936K, 0% used [0x00000000e0000000,0x00000000e0000000,0x00000000ea400000)
  from space 16896K, 99% used [0x00000000ea400000,0x00000000eb4788d0,0x00000000eb480000)
  to   space 21504K, 0% used [0x00000000ee180000,0x00000000ee180000,0x00000000ef680000)
 ParOldGen       total 177664K, used 25717K [0x00000000a0000000, 0x00000000aad80000, 0x00000000e0000000)
  object space 177664K, 14% used [0x00000000a0000000,0x00000000a191d660,0x00000000aad80000)
 Metaspace       used 57664K, capacity 58968K, committed 59136K, reserved 1099776K
  class space    used 7575K, capacity 7904K, committed 7936K, reserved 1048576K

Deoptimization events (10 events):
Event: 11.013 Thread 0x0000000059d2b800 Uncommon trap: reason=class_check action=maybe_recompile pc=0x0000000003d9948c method=com.sun.tools.javac.code.Type.containsAny(Lcom/sun/tools/javac/util/List;)Z @ 6
Event: 11.103 Thread 0x0000000059d2b800 Uncommon trap: reason=unstable_if action=reinterpret pc=0x0000000003f2ece4 method=com.sun.tools.javac.code.Scope.enter(Lcom/sun/tools/javac/code/Symbol;Lcom/sun/tools/javac/code/Scope;Lcom/sun/tools/javac/code/Scope;Z)V @ 116
Event: 11.140 Thread 0x0000000059d2b800 Uncommon trap: reason=unstable_if action=reinterpret pc=0x0000000002eee570 method=com.sun.tools.javac.util.Convert.chars2utf([CI[BII)I @ 35
Event: 11.152 Thread 0x0000000059d2b800 Uncommon trap: reason=unstable_if action=reinterpret pc=0x0000000002f22bcc method=com.sun.tools.javac.util.Convert.chars2utf([CI[BII)I @ 35
Event: 11.258 Thread 0x0000000059d2b800 Uncommon trap: reason=unstable_if action=reinterpret pc=0x0000000003f2b504 method=com.sun.tools.javac.util.ListBuffer.append(Ljava/lang/Object;)Lcom/sun/tools/javac/util/ListBuffer; @ 9
Event: 11.394 Thread 0x0000000059d2b800 Uncommon trap: reason=unstable_if action=reinterpret pc=0x0000000003f32b10 method=com.sun.tools.javac.util.BaseFileManager.getKind(Ljava/lang/String;)Ljavax/tools/JavaFileObject$Kind; @ 10
Event: 11.400 Thread 0x0000000059d2b800 Uncommon trap: reason=unstable_if action=reinterpret pc=0x0000000002e10ec0 method=org.gradle.internal.logging.text.AbstractLineChoppingStyledTextOutput.doAppend(Ljava/lang/String;)V @ 98
Event: 11.400 Thread 0x0000000059d19800 Uncommon trap: reason=unstable_if action=reinterpret pc=0x0000000003100c78 method=com.esotericsoftware.kryo.io.Output.writeString(Ljava/lang/CharSequence;)V @ 83
Event: 11.400 Thread 0x0000000059d19800 Uncommon trap: reason=unstable_if action=reinterpret pc=0x00000000037683ec method=com.esotericsoftware.kryo.io.Output.writeString(Ljava/lang/CharSequence;)V @ 83
Event: 11.596 Thread 0x000000005ccc5000 Uncommon trap: reason=unstable_if action=reinterpret pc=0x00000000031a1720 method=java.lang.String.lastIndexOf([CII[CIII)I @ 118

Internal exceptions (10 events):
Event: 7.923 Thread 0x0000000059d2b800 Exception <a 'java/lang/ClassNotFoundException': org/gradle/model/internal/core/ModelMapGroovyViewBeanInfo> (0x00000000e4c32b68) thrown at [C:\src\android\AOSP-openjdk\external\jetbrains\jdk\hotspot\src\share\vm\classfile\systemDictionary.cpp, line 210]
Event: 7.924 Thread 0x0000000059d2b800 Exception <a 'java/lang/ClassNotFoundException': org/gradle/model/internal/core/ModelMapGroovyViewCustomizer> (0x00000000e4c42f18) thrown at [C:\src\android\AOSP-openjdk\external\jetbrains\jdk\hotspot\src\share\vm\classfile\systemDictionary.cpp, line 210]
Event: 7.925 Thread 0x0000000059d2b800 Exception <a 'java/lang/ClassNotFoundException': org/gradle/model/internal/core/NodeBackedModelMapCustomizer> (0x00000000e4c667c8) thrown at [C:\src\android\AOSP-openjdk\external\jetbrains\jdk\hotspot\src\share\vm\classfile\systemDictionary.cpp, line 210]
Event: 7.927 Thread 0x0000000059d2b800 Exception <a 'java/lang/ClassNotFoundException': org/gradle/platform/base/BinaryContainer_ImplCustomizer> (0x00000000e4cc3618) thrown at [C:\src\android\AOSP-openjdk\external\jetbrains\jdk\hotspot\src\share\vm\classfile\systemDictionary.cpp, line 210]
Event: 8.051 Thread 0x0000000059d2b800 Exception <a 'java/lang/NoSuchMethodError': <clinit>> (0x00000000e51300c8) thrown at [C:\src\android\AOSP-openjdk\external\jetbrains\jdk\hotspot\src\share\vm\prims\jni.cpp, line 1591]
Event: 8.052 Thread 0x0000000059d2b800 Exception <a 'java/lang/NoSuchMethodError': <clinit>> (0x00000000e513d0b0) thrown at [C:\src\android\AOSP-openjdk\external\jetbrains\jdk\hotspot\src\share\vm\prims\jni.cpp, line 1591]
Event: 8.076 Thread 0x0000000059d2b800 Exception <a 'java/lang/NoSuchMethodError': <clinit>> (0x00000000e53134f0) thrown at [C:\src\android\AOSP-openjdk\external\jetbrains\jdk\hotspot\src\share\vm\prims\jni.cpp, line 1591]
Event: 8.077 Thread 0x0000000059d2b800 Exception <a 'java/lang/NoSuchMethodError': <clinit>> (0x00000000e532bd00) thrown at [C:\src\android\AOSP-openjdk\external\jetbrains\jdk\hotspot\src\share\vm\prims\jni.cpp, line 1591]
Event: 8.077 Thread 0x0000000059d2b800 Exception <a 'java/lang/NoSuchMethodError': <clinit>> (0x00000000e532d218) thrown at [C:\src\android\AOSP-openjdk\external\jetbrains\jdk\hotspot\src\share\vm\prims\jni.cpp, line 1591]
Event: 10.006 Thread 0x0000000059d2b800 Implicit null exception at 0x000000000380c610 to 0x000000000380e4d9

Events (10 events):
Event: 11.695 loading class com/android/dx/cf/code/BasicBlocker done
Event: 11.696 loading class com/android/dx/util/Bits
Event: 11.696 loading class com/android/dx/util/Bits done
Event: 11.696 loading class com/android/dx/util/IntList
Event: 11.696 loading class com/android/dx/util/IntList done
Event: 11.697 loading class com/android/dx/cf/code/ByteOps
Event: 11.697 loading class com/android/dx/cf/code/ByteOps done
Event: 11.700 loading class com/android/dx/cf/code/ByteCatchList$Item
Event: 11.700 loading class com/android/dx/cf/code/ByteCatchList$Item done
Event: 11.700 Executing VM operation: CollectForMetadataAllocation


Dynamic libraries:
0x000000013fe90000 - 0x000000013fec1000 	D:\Program Files\Android Studio\jre\bin\java.exe
0x0000000077170000 - 0x0000000077319000 	C:\Windows\SYSTEM32\ntdll.dll
0x0000000077050000 - 0x000000007716f000 	C:\Windows\system32\kernel32.dll
0x000007fefd3e0000 - 0x000007fefd44b000 	C:\Windows\system32\KERNELBASE.dll
0x000007fefd4a0000 - 0x000007fefd57b000 	C:\Windows\system32\ADVAPI32.dll
0x000007feff300000 - 0x000007feff39f000 	C:\Windows\system32\msvcrt.dll
0x000007fefd580000 - 0x000007fefd59f000 	C:\Windows\SYSTEM32\sechost.dll
0x000007fefdaf0000 - 0x000007fefdc1d000 	C:\Windows\system32\RPCRT4.dll
0x0000000076f50000 - 0x000000007704a000 	C:\Windows\system32\USER32.dll
0x000007fefdc20000 - 0x000007fefdc87000 	C:\Windows\system32\GDI32.dll
0x000007fefd490000 - 0x000007fefd49e000 	C:\Windows\system32\LPK.dll
0x000007fefeea0000 - 0x000007fefef69000 	C:\Windows\system32\USP10.dll
0x000007fefbcc0000 - 0x000007fefbeb4000 	C:\Windows\WinSxS\amd64_microsoft.windows.common-controls_6595b64144ccf1df_6.0.7601.17514_none_fa396087175ac9ac\COMCTL32.dll
0x000007feff3a0000 - 0x000007feff411000 	C:\Windows\system32\SHLWAPI.dll
0x000007fefde70000 - 0x000007fefde9e000 	C:\Windows\system32\IMM32.DLL
0x000007fefd770000 - 0x000007fefd879000 	C:\Windows\system32\MSCTF.dll
0x0000000061be0000 - 0x0000000061cb2000 	D:\Program Files\Android Studio\jre\jre\bin\msvcr100.dll
0x0000000073750000 - 0x0000000073f84000 	D:\Program Files\Android Studio\jre\jre\bin\server\jvm.dll
0x000007fee83e0000 - 0x000007fee83e9000 	C:\Windows\system32\WSOCK32.dll
0x000007fefd620000 - 0x000007fefd66d000 	C:\Windows\system32\WS2_32.dll
0x000007fefdae0000 - 0x000007fefdae8000 	C:\Windows\system32\NSI.dll
0x000007feface0000 - 0x000007fefad1b000 	C:\Windows\system32\WINMM.dll
0x000007fefc200000 - 0x000007fefc20c000 	C:\Windows\system32\VERSION.dll
0x0000000077340000 - 0x0000000077347000 	C:\Windows\system32\PSAPI.DLL
0x000007fee83d0000 - 0x000007fee83df000 	D:\Program Files\Android Studio\jre\jre\bin\verify.dll
0x000007fee81a0000 - 0x000007fee81c9000 	D:\Program Files\Android Studio\jre\jre\bin\java.dll
0x000007fee8000000 - 0x000007fee8016000 	D:\Program Files\Android Studio\jre\jre\bin\zip.dll
0x000007fefe070000 - 0x000007fefedf8000 	C:\Windows\system32\SHELL32.dll
0x000007feff0f0000 - 0x000007feff2f3000 	C:\Windows\system32\ole32.dll
0x000007fefd0c0000 - 0x000007fefd0cf000 	C:\Windows\system32\profapi.dll
0x000007fee7960000 - 0x000007fee797a000 	D:\Program Files\Android Studio\jre\jre\bin\net.dll
0x000007fefc8d0000 - 0x000007fefc925000 	C:\Windows\system32\mswsock.dll
0x000007fefc8c0000 - 0x000007fefc8c7000 	C:\Windows\System32\wship6.dll
0x000007fee7940000 - 0x000007fee7951000 	D:\Program Files\Android Studio\jre\jre\bin\nio.dll
0x000007fef6640000 - 0x000007fef6652000 	C:\Users\Lee\.gradle\native\19\windows-amd64\native-platform.dll
0x000007fefc930000 - 0x000007fefc947000 	C:\Windows\system32\CRYPTSP.dll
0x000007fefc630000 - 0x000007fefc677000 	C:\Windows\system32\rsaenh.dll
0x000007fefc410000 - 0x000007fefc42e000 	C:\Windows\system32\USERENV.dll
0x000007fefcff0000 - 0x000007fefcfff000 	C:\Windows\system32\CRYPTBASE.dll
0x000007fefa580000 - 0x000007fefa5a7000 	C:\Windows\system32\IPHLPAPI.DLL
0x000007fefa560000 - 0x000007fefa56b000 	C:\Windows\system32\WINNSI.DLL
0x000007fefa300000 - 0x000007fefa318000 	C:\Windows\system32\dhcpcsvc.DLL
0x000007fefa2e0000 - 0x000007fefa2f1000 	C:\Windows\system32\dhcpcsvc6.DLL
0x000007fee75d0000 - 0x000007fee75dd000 	D:\Program Files\Android Studio\jre\jre\bin\management.dll
0x000007fefcf90000 - 0x000007fefcfe7000 	C:\Windows\system32\apphelp.dll
0x000007feec8c0000 - 0x000007feec9e5000 	C:\Windows\system32\dbghelp.dll

VM Arguments:
jvm_args: -Xmx1536m -Dfile.encoding=GBK -Duser.country=CN -Duser.language=zh -Duser.variant 
java_command: org.gradle.launcher.daemon.bootstrap.GradleDaemon 2.14.1
java_class_path (initial): D:\Program Files\Android Studio\gradle\gradle-2.14.1\lib\gradle-launcher-2.14.1.jar
Launcher Type: SUN_STANDARD

Environment Variables:
JAVA_HOME=D:\Program Files\Java\jdk1.8.0_101\
CLASSPATH=.;D:\Program Files\Java\jdk1.8.0_101\\lib\dt.jar;D:\Program Files\Java\jdk1.8.0_101\\lib\tools.jar;
PATH=C:\ProgramData\Oracle\Java\javapath;C:\Windows\system32;C:\Windows;C:\Windows\System32\Wbem;C:\Windows\System32\WindowsPowerShell\v1.0\;C:\Program Files (x86)\AMD\ATI.ACE\Core-Static;D:\Program Files\Java\jdk1.8.0_101\\bin;D:\Program Files\Java\jdk1.8.0_101\\jre\bin;D:\Program Files\nodejs\;D:\eclipse\sdk\build-tools\android-4.4W;D:\Program Files\Java\jdk1.8.0_101\bin;D:\Program Files\Git\cmd;E:\AndroidSDK\sdk\platform-tools;E:\AndroidSDK\sdk\tools;C:\Users\Lee\AppData\Local\Programs\Python\Python35\Scripts\;C:\Users\Lee\AppData\Local\Programs\Python\Python35\;C:\Users\Lee\AppData\Roaming\npm
USERNAME=Lee
OS=Windows_NT
PROCESSOR_IDENTIFIER=AMD64 Family 16 Model 10 Stepping 0, AuthenticAMD



---------------  S Y S T E M  ---------------

OS: Windows 7 , 64 bit Build 7601 (6.1.7601.17514)

CPU:total 6 (6 cores per cpu, 1 threads per core) family 16 model 10 stepping 0, cmov, cx8, fxsr, mmx, sse, sse2, sse3, popcnt, mmxext, 3dnowpref, lzcnt, sse4a, tsc, tscinvbit, tscinv

Memory: 4k page, physical 16776376k(11610896k free), swap 33550908k(27859996k free)

vm_info: OpenJDK 64-Bit Server VM (25.76-b03) for windows-amd64 JRE (1.8.0_76-release-b03), built on Jun 29 2016 19:09:20 by "ralucas" with MS VC++ 10.0 (VS2010)

time: Mon Jul 17 16:59:42 2017
elapsed time: 11 seconds (0d 0h 0m 11s)

